[1212/145331.995:ERROR:directory_reader_win.cc(43)] FindFirstFile: The system cannot find the path specified. (0x3)
[1219/170456.226:ERROR:directory_reader_win.cc(43)] FindFirstFile: The system cannot find the path specified. (0x3)
[0102/194527.474:ERROR:directory_reader_win.cc(43)] FindFirstFile: The system cannot find the path specified. (0x3)
[0106/193240.107:ERROR:directory_reader_win.cc(43)] FindFirstFile: The system cannot find the path specified. (0x3)
[0108/174645.635:ERROR:file_io.cc(90)] ReadExactly: expected 36, observed 0
[0112/202221.964:ERROR:directory_reader_win.cc(43)] FindFirstFile: The system cannot find the path specified. (0x3)
[0113/175313.467:ERROR:filesystem_win.cc(129)] GetFileAttributes C:\Users\Kameron\AppData\Local\Google\Chrome\User Data\Crashpad\attachments\01d0a67b-3924-4d41-a983-37ad04d5e1b9: The system cannot find the path specified. (0x3)
[0115/002237.322:ERROR:process_reader_win.cc(151)] SuspendThread: Access is denied. (0x5)
[0115/002237.324:ERROR:process_reader_win.cc(151)] SuspendThread: Access is denied. (0x5)
[0115/002237.324:ERROR:process_reader_win.cc(151)] SuspendThread: Access is denied. (0x5)
[0115/002237.339:ERROR:process_reader_win.cc(151)] SuspendThread: Access is denied. (0x5)
[0115/002237.339:ERROR:process_reader_win.cc(151)] SuspendThread: Access is denied. (0x5)
[0115/002237.339:ERROR:process_reader_win.cc(151)] SuspendThread: Access is denied. (0x5)
[0115/002237.339:ERROR:process_reader_win.cc(151)] SuspendThread: Access is denied. (0x5)
[0115/002237.339:ERROR:process_reader_win.cc(151)] SuspendThread: Access is denied. (0x5)
[0115/002237.339:ERROR:process_reader_win.cc(151)] SuspendThread: Access is denied. (0x5)
[0115/002237.340:ERROR:process_reader_win.cc(151)] SuspendThread: Access is denied. (0x5)
[0115/002237.340:ERROR:process_reader_win.cc(151)] SuspendThread: Access is denied. (0x5)
[0115/002237.340:ERROR:process_reader_win.cc(151)] SuspendThread: Access is denied. (0x5)
[0115/002237.356:ERROR:process_reader_win.cc(151)] SuspendThread: Access is denied. (0x5)
[0115/002237.356:ERROR:process_reader_win.cc(151)] SuspendThread: Access is denied. (0x5)
[0115/002237.356:ERROR:process_reader_win.cc(151)] SuspendThread: Access is denied. (0x5)
[0115/002237.356:ERROR:process_reader_win.cc(151)] SuspendThread: Access is denied. (0x5)
[0115/002237.356:ERROR:process_reader_win.cc(151)] SuspendThread: Access is denied. (0x5)
[0115/002237.357:ERROR:process_reader_win.cc(151)] SuspendThread: Access is denied. (0x5)
[0115/002237.357:ERROR:process_reader_win.cc(151)] SuspendThread: Access is denied. (0x5)
[0115/002237.357:ERROR:process_reader_win.cc(151)] SuspendThread: Access is denied. (0x5)
[0115/002237.357:ERROR:process_reader_win.cc(151)] SuspendThread: Access is denied. (0x5)
[0115/002237.357:ERROR:process_reader_win.cc(151)] SuspendThread: Access is denied. (0x5)
[0115/002237.357:ERROR:process_reader_win.cc(151)] SuspendThread: Access is denied. (0x5)
[0115/002237.358:ERROR:process_reader_win.cc(151)] SuspendThread: Access is denied. (0x5)
[0115/002237.360:ERROR:process_reader_win.cc(151)] SuspendThread: Access is denied. (0x5)
[0115/002237.340:ERROR:process_reader_win.cc(123)] NtOpenThread: {Access Denied} A process has requested access to an object, but has not been granted those access rights. (0xc0000022)
[0115/002237.361:ERROR:process_reader_win.cc(123)] NtOpenThread: {Access Denied} A process has requested access to an object, but has not been granted those access rights. (0xc0000022)
[0115/002237.363:ERROR:exception_snapshot_win.cc(99)] thread ID 228 not found in process
[0115/002237.364:ERROR:exception_snapshot_win.cc(99)] thread ID 9660 not found in process
[0115/002237.552:ERROR:process_reader_win.cc(151)] SuspendThread: Access is denied. (0x5)
[0115/002237.552:ERROR:process_reader_win.cc(151)] SuspendThread: Access is denied. (0x5)
[0115/002237.552:ERROR:process_reader_win.cc(151)] SuspendThread: Access is denied. (0x5)
[0115/002237.553:ERROR:process_reader_win.cc(151)] SuspendThread: Access is denied. (0x5)
[0115/002237.553:ERROR:process_reader_win.cc(151)] SuspendThread: Access is denied. (0x5)
[0115/002237.553:ERROR:process_reader_win.cc(151)] SuspendThread: Access is denied. (0x5)
[0115/002237.553:ERROR:process_reader_win.cc(151)] SuspendThread: Access is denied. (0x5)
[0115/002237.553:ERROR:process_reader_win.cc(151)] SuspendThread: Access is denied. (0x5)
[0115/002237.553:ERROR:process_reader_win.cc(151)] SuspendThread: Access is denied. (0x5)
[0115/002237.553:ERROR:process_reader_win.cc(151)] SuspendThread: Access is denied. (0x5)
[0115/002237.553:ERROR:process_reader_win.cc(151)] SuspendThread: Access is denied. (0x5)
[0115/002237.553:ERROR:process_reader_win.cc(151)] SuspendThread: Access is denied. (0x5)
[0115/002237.554:ERROR:process_reader_win.cc(123)] NtOpenThread: {Access Denied} A process has requested access to an object, but has not been granted those access rights. (0xc0000022)
[0115/002237.554:ERROR:exception_snapshot_win.cc(99)] thread ID 11564 not found in process
[0115/002237.573:ERROR:process_reader_win.cc(151)] SuspendThread: Access is denied. (0x5)
[0115/002237.574:ERROR:process_reader_win.cc(151)] SuspendThread: Access is denied. (0x5)
[0115/002237.574:ERROR:process_reader_win.cc(151)] SuspendThread: Access is denied. (0x5)
[0115/002237.574:ERROR:process_reader_win.cc(151)] SuspendThread: Access is denied. (0x5)
[0115/002237.574:ERROR:process_reader_win.cc(151)] SuspendThread: Access is denied. (0x5)
[0115/002237.574:ERROR:process_reader_win.cc(151)] SuspendThread: Access is denied. (0x5)
[0115/002237.574:ERROR:process_reader_win.cc(151)] SuspendThread: Access is denied. (0x5)
[0115/002237.574:ERROR:process_reader_win.cc(151)] SuspendThread: Access is denied. (0x5)
[0115/002237.574:ERROR:process_reader_win.cc(151)] SuspendThread: Access is denied. (0x5)
[0115/002237.581:ERROR:process_reader_win.cc(151)] SuspendThread: Access is denied. (0x5)
[0115/002237.581:ERROR:process_reader_win.cc(151)] SuspendThread: Access is denied. (0x5)
[0115/002237.581:ERROR:process_reader_win.cc(151)] SuspendThread: Access is denied. (0x5)
[0115/002237.581:ERROR:process_reader_win.cc(151)] SuspendThread: Access is denied. (0x5)
[0115/002237.581:ERROR:process_reader_win.cc(151)] SuspendThread: Access is denied. (0x5)
[0115/002237.581:ERROR:process_reader_win.cc(151)] SuspendThread: Access is denied. (0x5)
[0115/002237.581:ERROR:process_reader_win.cc(151)] SuspendThread: Access is denied. (0x5)
[0115/002237.581:ERROR:process_reader_win.cc(151)] SuspendThread: Access is denied. (0x5)
[0115/002237.574:ERROR:process_reader_win.cc(151)] SuspendThread: Access is denied. (0x5)
[0115/002237.582:ERROR:process_reader_win.cc(151)] SuspendThread: Access is denied. (0x5)
[0115/002237.582:ERROR:process_reader_win.cc(151)] SuspendThread: Access is denied. (0x5)
[0115/002237.582:ERROR:process_reader_win.cc(151)] SuspendThread: Access is denied. (0x5)
[0115/002237.582:ERROR:process_reader_win.cc(151)] SuspendThread: Access is denied. (0x5)
[0115/002237.582:ERROR:process_reader_win.cc(123)] NtOpenThread: {Access Denied} A process has requested access to an object, but has not been granted those access rights. (0xc0000022)
[0115/002237.582:ERROR:exception_snapshot_win.cc(99)] thread ID 10576 not found in process
[0115/002237.582:ERROR:process_reader_win.cc(151)] SuspendThread: Access is denied. (0x5)
[0115/002237.583:ERROR:process_reader_win.cc(151)] SuspendThread: Access is denied. (0x5)
[0115/002237.583:ERROR:process_reader_win.cc(151)] SuspendThread: Access is denied. (0x5)
[0115/002237.583:ERROR:process_reader_win.cc(151)] SuspendThread: Access is denied. (0x5)
[0115/002237.583:ERROR:process_reader_win.cc(123)] NtOpenThread: {Access Denied} A process has requested access to an object, but has not been granted those access rights. (0xc0000022)
[0115/002237.584:ERROR:exception_snapshot_win.cc(99)] thread ID 3708 not found in process
[0115/002237.632:ERROR:process_reader_win.cc(151)] SuspendThread: Access is denied. (0x5)
[0115/002237.632:ERROR:process_reader_win.cc(151)] SuspendThread: Access is denied. (0x5)
[0115/002237.632:ERROR:process_reader_win.cc(151)] SuspendThread: Access is denied. (0x5)
[0115/002237.632:ERROR:process_reader_win.cc(151)] SuspendThread: Access is denied. (0x5)
[0115/002237.632:ERROR:process_reader_win.cc(151)] SuspendThread: Access is denied. (0x5)
[0115/002237.632:ERROR:process_reader_win.cc(151)] SuspendThread: Access is denied. (0x5)
[0115/002237.633:ERROR:process_reader_win.cc(151)] SuspendThread: Access is denied. (0x5)
[0115/002237.633:ERROR:process_reader_win.cc(151)] SuspendThread: Access is denied. (0x5)
[0115/002237.633:ERROR:process_reader_win.cc(151)] SuspendThread: Access is denied. (0x5)
[0115/002237.633:ERROR:process_reader_win.cc(151)] SuspendThread: Access is denied. (0x5)
[0115/002237.633:ERROR:process_reader_win.cc(151)] SuspendThread: Access is denied. (0x5)
[0115/002237.633:ERROR:process_reader_win.cc(151)] SuspendThread: Access is denied. (0x5)
[0115/002237.633:ERROR:process_reader_win.cc(151)] SuspendThread: Access is denied. (0x5)
[0115/002237.633:ERROR:process_reader_win.cc(123)] NtOpenThread: {Access Denied} A process has requested access to an object, but has not been granted those access rights. (0xc0000022)
[0115/002237.634:ERROR:exception_snapshot_win.cc(99)] thread ID 15236 not found in process
[0115/002237.676:ERROR:process_reader_win.cc(151)] SuspendThread: Access is denied. (0x5)
[0115/002237.676:ERROR:process_reader_win.cc(151)] SuspendThread: Access is denied. (0x5)
[0115/002237.677:ERROR:process_reader_win.cc(151)] SuspendThread: Access is denied. (0x5)
[0115/002237.677:ERROR:process_reader_win.cc(151)] SuspendThread: Access is denied. (0x5)
[0115/002237.677:ERROR:process_reader_win.cc(151)] SuspendThread: Access is denied. (0x5)
[0115/002237.677:ERROR:process_reader_win.cc(151)] SuspendThread: Access is denied. (0x5)
[0115/002237.677:ERROR:process_reader_win.cc(151)] SuspendThread: Access is denied. (0x5)
[0115/002237.677:ERROR:process_reader_win.cc(151)] SuspendThread: Access is denied. (0x5)
[0115/002237.677:ERROR:process_reader_win.cc(151)] SuspendThread: Access is denied. (0x5)
[0115/002237.677:ERROR:process_reader_win.cc(151)] SuspendThread: Access is denied. (0x5)
[0115/002237.677:ERROR:process_reader_win.cc(151)] SuspendThread: Access is denied. (0x5)
[0115/002237.677:ERROR:process_reader_win.cc(151)] SuspendThread: Access is denied. (0x5)
[0115/002237.677:ERROR:process_reader_win.cc(123)] NtOpenThread: {Access Denied} A process has requested access to an object, but has not been granted those access rights. (0xc0000022)
[0115/002237.678:ERROR:exception_snapshot_win.cc(99)] thread ID 15432 not found in process
[0115/002237.789:ERROR:process_reader_win.cc(151)] SuspendThread: Access is denied. (0x5)
[0115/002237.789:ERROR:process_reader_win.cc(151)] SuspendThread: Access is denied. (0x5)
[0115/002237.789:ERROR:process_reader_win.cc(151)] SuspendThread: Access is denied. (0x5)
[0115/002237.789:ERROR:process_reader_win.cc(151)] SuspendThread: Access is denied. (0x5)
[0115/002237.790:ERROR:process_reader_win.cc(151)] SuspendThread: Access is denied. (0x5)
[0115/002237.790:ERROR:process_reader_win.cc(151)] SuspendThread: Access is denied. (0x5)
[0115/002237.790:ERROR:process_reader_win.cc(151)] SuspendThread: Access is denied. (0x5)
[0115/002237.790:ERROR:process_reader_win.cc(151)] SuspendThread: Access is denied. (0x5)
[0115/002237.790:ERROR:process_reader_win.cc(151)] SuspendThread: Access is denied. (0x5)
[0115/002237.790:ERROR:process_reader_win.cc(151)] SuspendThread: Access is denied. (0x5)
[0115/002237.790:ERROR:process_reader_win.cc(151)] SuspendThread: Access is denied. (0x5)
[0115/002237.790:ERROR:process_reader_win.cc(151)] SuspendThread: Access is denied. (0x5)
[0115/002237.790:ERROR:process_reader_win.cc(151)] SuspendThread: Access is denied. (0x5)
[0115/002237.790:ERROR:process_reader_win.cc(123)] NtOpenThread: {Access Denied} A process has requested access to an object, but has not been granted those access rights. (0xc0000022)
[0115/002237.790:ERROR:exception_snapshot_win.cc(99)] thread ID 3012 not found in process
[0115/002237.873:ERROR:process_reader_win.cc(151)] SuspendThread: Access is denied. (0x5)
[0115/002237.873:ERROR:process_reader_win.cc(151)] SuspendThread: Access is denied. (0x5)
[0115/002237.873:ERROR:process_reader_win.cc(151)] SuspendThread: Access is denied. (0x5)
[0115/002237.873:ERROR:process_reader_win.cc(151)] SuspendThread: Access is denied. (0x5)
[0115/002237.873:ERROR:process_reader_win.cc(151)] SuspendThread: Access is denied. (0x5)
[0115/002237.873:ERROR:process_reader_win.cc(151)] SuspendThread: Access is denied. (0x5)
[0115/002237.873:ERROR:process_reader_win.cc(151)] SuspendThread: Access is denied. (0x5)
[0115/002237.874:ERROR:process_reader_win.cc(151)] SuspendThread: Access is denied. (0x5)
[0115/002237.874:ERROR:process_reader_win.cc(151)] SuspendThread: Access is denied. (0x5)
[0115/002237.874:ERROR:process_reader_win.cc(151)] SuspendThread: Access is denied. (0x5)
[0115/002237.874:ERROR:process_reader_win.cc(151)] SuspendThread: Access is denied. (0x5)
[0115/002237.874:ERROR:process_reader_win.cc(151)] SuspendThread: Access is denied. (0x5)
[0115/002237.874:ERROR:process_reader_win.cc(151)] SuspendThread: Access is denied. (0x5)
[0115/002237.874:ERROR:process_reader_win.cc(151)] SuspendThread: Access is denied. (0x5)
[0115/002237.874:ERROR:process_reader_win.cc(123)] NtOpenThread: {Access Denied} A process has requested access to an object, but has not been granted those access rights. (0xc0000022)
[0115/002237.875:ERROR:exception_snapshot_win.cc(99)] thread ID 11200 not found in process
[0115/002237.984:ERROR:process_reader_win.cc(151)] SuspendThread: Access is denied. (0x5)
[0115/002237.984:ERROR:process_reader_win.cc(151)] SuspendThread: Access is denied. (0x5)
[0115/002237.985:ERROR:process_reader_win.cc(151)] SuspendThread: Access is denied. (0x5)
[0115/002237.985:ERROR:process_reader_win.cc(151)] SuspendThread: Access is denied. (0x5)
[0115/002237.985:ERROR:process_reader_win.cc(151)] SuspendThread: Access is denied. (0x5)
[0115/002237.985:ERROR:process_reader_win.cc(151)] SuspendThread: Access is denied. (0x5)
[0115/002237.985:ERROR:process_reader_win.cc(151)] SuspendThread: Access is denied. (0x5)
[0115/002237.985:ERROR:process_reader_win.cc(151)] SuspendThread: Access is denied. (0x5)
[0115/002237.985:ERROR:process_reader_win.cc(151)] SuspendThread: Access is denied. (0x5)
[0115/002237.985:ERROR:process_reader_win.cc(151)] SuspendThread: Access is denied. (0x5)
[0115/002237.985:ERROR:process_reader_win.cc(151)] SuspendThread: Access is denied. (0x5)
[0115/002237.985:ERROR:process_reader_win.cc(151)] SuspendThread: Access is denied. (0x5)
[0115/002237.985:ERROR:process_reader_win.cc(151)] SuspendThread: Access is denied. (0x5)
[0115/002237.985:ERROR:process_reader_win.cc(123)] NtOpenThread: {Access Denied} A process has requested access to an object, but has not been granted those access rights. (0xc0000022)
[0115/002237.986:ERROR:exception_snapshot_win.cc(99)] thread ID 13668 not found in process
[0115/002237.995:ERROR:process_reader_win.cc(151)] SuspendThread: Access is denied. (0x5)
[0115/002237.995:ERROR:process_reader_win.cc(151)] SuspendThread: Access is denied. (0x5)
[0115/002237.995:ERROR:process_reader_win.cc(151)] SuspendThread: Access is denied. (0x5)
[0115/002237.995:ERROR:process_reader_win.cc(151)] SuspendThread: Access is denied. (0x5)
[0115/002237.996:ERROR:process_reader_win.cc(151)] SuspendThread: Access is denied. (0x5)
[0115/002237.996:ERROR:process_reader_win.cc(151)] SuspendThread: Access is denied. (0x5)
[0115/002237.996:ERROR:process_reader_win.cc(151)] SuspendThread: Access is denied. (0x5)
[0115/002237.996:ERROR:process_reader_win.cc(151)] SuspendThread: Access is denied. (0x5)
[0115/002237.996:ERROR:process_reader_win.cc(151)] SuspendThread: Access is denied. (0x5)
[0115/002237.996:ERROR:process_reader_win.cc(151)] SuspendThread: Access is denied. (0x5)
[0115/002237.996:ERROR:process_reader_win.cc(151)] SuspendThread: Access is denied. (0x5)
[0115/002237.996:ERROR:process_reader_win.cc(151)] SuspendThread: Access is denied. (0x5)
[0115/002237.996:ERROR:process_reader_win.cc(151)] SuspendThread: Access is denied. (0x5)
[0115/002237.996:ERROR:process_reader_win.cc(151)] SuspendThread: Access is denied. (0x5)
[0115/002237.997:ERROR:process_reader_win.cc(123)] NtOpenThread: {Access Denied} A process has requested access to an object, but has not been granted those access rights. (0xc0000022)
[0115/002237.997:ERROR:exception_snapshot_win.cc(99)] thread ID 14964 not found in process
[0115/002237.996:ERROR:process_reader_win.cc(151)] SuspendThread: Access is denied. (0x5)
[0115/002237.998:ERROR:process_reader_win.cc(151)] SuspendThread: Access is denied. (0x5)
[0115/002237.998:ERROR:process_reader_win.cc(151)] SuspendThread: Access is denied. (0x5)
[0115/002237.998:ERROR:process_reader_win.cc(151)] SuspendThread: Access is denied. (0x5)
[0115/002237.998:ERROR:process_reader_win.cc(151)] SuspendThread: Access is denied. (0x5)
[0115/002237.998:ERROR:process_reader_win.cc(151)] SuspendThread: Access is denied. (0x5)
[0115/002237.998:ERROR:process_reader_win.cc(151)] SuspendThread: Access is denied. (0x5)
[0115/002237.998:ERROR:process_reader_win.cc(151)] SuspendThread: Access is denied. (0x5)
[0115/002237.998:ERROR:process_reader_win.cc(151)] SuspendThread: Access is denied. (0x5)
[0115/002237.999:ERROR:process_reader_win.cc(151)] SuspendThread: Access is denied. (0x5)
[0115/002237.999:ERROR:process_reader_win.cc(151)] SuspendThread: Access is denied. (0x5)
[0115/002237.999:ERROR:process_reader_win.cc(151)] SuspendThread: Access is denied. (0x5)
[0115/002237.999:ERROR:process_reader_win.cc(151)] SuspendThread: Access is denied. (0x5)
[0115/002237.999:ERROR:process_reader_win.cc(123)] NtOpenThread: {Access Denied} A process has requested access to an object, but has not been granted those access rights. (0xc0000022)
[0115/002237.999:ERROR:exception_snapshot_win.cc(99)] thread ID 14016 not found in process
[0115/002238.084:ERROR:process_reader_win.cc(151)] SuspendThread: Access is denied. (0x5)
[0115/002238.084:ERROR:process_reader_win.cc(151)] SuspendThread: Access is denied. (0x5)
[0115/002238.084:ERROR:process_reader_win.cc(151)] SuspendThread: Access is denied. (0x5)
[0115/002238.084:ERROR:process_reader_win.cc(151)] SuspendThread: Access is denied. (0x5)
[0115/002238.084:ERROR:process_reader_win.cc(151)] SuspendThread: Access is denied. (0x5)
[0115/002238.084:ERROR:process_reader_win.cc(151)] SuspendThread: Access is denied. (0x5)
[0115/002238.084:ERROR:process_reader_win.cc(151)] SuspendThread: Access is denied. (0x5)
[0115/002238.084:ERROR:process_reader_win.cc(151)] SuspendThread: Access is denied. (0x5)
[0115/002238.084:ERROR:process_reader_win.cc(151)] SuspendThread: Access is denied. (0x5)
[0115/002238.085:ERROR:process_reader_win.cc(151)] SuspendThread: Access is denied. (0x5)
[0115/002238.085:ERROR:process_reader_win.cc(151)] SuspendThread: Access is denied. (0x5)
[0115/002238.085:ERROR:process_reader_win.cc(123)] NtOpenThread: {Access Denied} A process has requested access to an object, but has not been granted those access rights. (0xc0000022)
[0115/002238.085:ERROR:exception_snapshot_win.cc(99)] thread ID 6088 not found in process
[0115/002238.106:ERROR:process_reader_win.cc(151)] SuspendThread: Access is denied. (0x5)
[0115/002238.106:ERROR:process_reader_win.cc(151)] SuspendThread: Access is denied. (0x5)
[0115/002238.106:ERROR:process_reader_win.cc(151)] SuspendThread: Access is denied. (0x5)
[0115/002238.107:ERROR:process_reader_win.cc(151)] SuspendThread: Access is denied. (0x5)
[0115/002238.107:ERROR:process_reader_win.cc(151)] SuspendThread: Access is denied. (0x5)
[0115/002238.107:ERROR:process_reader_win.cc(151)] SuspendThread: Access is denied. (0x5)
[0115/002238.107:ERROR:process_reader_win.cc(151)] SuspendThread: Access is denied. (0x5)
[0115/002238.108:ERROR:process_reader_win.cc(151)] SuspendThread: Access is denied. (0x5)
[0115/002238.108:ERROR:process_reader_win.cc(151)] SuspendThread: Access is denied. (0x5)
[0115/002238.108:ERROR:process_reader_win.cc(151)] SuspendThread: Access is denied. (0x5)
[0115/002238.108:ERROR:process_reader_win.cc(151)] SuspendThread: Access is denied. (0x5)
[0115/002238.108:ERROR:process_reader_win.cc(151)] SuspendThread: Access is denied. (0x5)
[0115/002238.108:ERROR:process_reader_win.cc(151)] SuspendThread: Access is denied. (0x5)
[0115/002238.108:ERROR:process_reader_win.cc(123)] NtOpenThread: {Access Denied} A process has requested access to an object, but has not been granted those access rights. (0xc0000022)
[0115/002238.109:ERROR:exception_snapshot_win.cc(99)] thread ID 14008 not found in process
[0115/002238.186:ERROR:process_reader_win.cc(151)] SuspendThread: Access is denied. (0x5)
[0115/002238.186:ERROR:process_reader_win.cc(151)] SuspendThread: Access is denied. (0x5)
[0115/002238.186:ERROR:process_reader_win.cc(151)] SuspendThread: Access is denied. (0x5)
[0115/002238.186:ERROR:process_reader_win.cc(151)] SuspendThread: Access is denied. (0x5)
[0115/002238.186:ERROR:process_reader_win.cc(151)] SuspendThread: Access is denied. (0x5)
[0115/002238.186:ERROR:process_reader_win.cc(151)] SuspendThread: Access is denied. (0x5)
[0115/002238.186:ERROR:process_reader_win.cc(151)] SuspendThread: Access is denied. (0x5)
[0115/002238.186:ERROR:process_reader_win.cc(151)] SuspendThread: Access is denied. (0x5)
[0115/002238.187:ERROR:process_reader_win.cc(151)] SuspendThread: Access is denied. (0x5)
[0115/002238.187:ERROR:process_reader_win.cc(151)] SuspendThread: Access is denied. (0x5)
[0115/002238.187:ERROR:process_reader_win.cc(151)] SuspendThread: Access is denied. (0x5)
[0115/002238.187:ERROR:process_reader_win.cc(151)] SuspendThread: Access is denied. (0x5)
[0115/002238.187:ERROR:process_reader_win.cc(151)] SuspendThread: Access is denied. (0x5)
[0115/002238.187:ERROR:process_reader_win.cc(123)] NtOpenThread: {Access Denied} A process has requested access to an object, but has not been granted those access rights. (0xc0000022)
[0115/002238.187:ERROR:exception_snapshot_win.cc(99)] thread ID 10168 not found in process
[0115/002238.202:ERROR:process_reader_win.cc(151)] SuspendThread: Access is denied. (0x5)
[0115/002238.202:ERROR:process_reader_win.cc(151)] SuspendThread: Access is denied. (0x5)
[0115/002238.203:ERROR:process_reader_win.cc(151)] SuspendThread: Access is denied. (0x5)
[0115/002238.203:ERROR:process_reader_win.cc(151)] SuspendThread: Access is denied. (0x5)
[0115/002238.203:ERROR:process_reader_win.cc(151)] SuspendThread: Access is denied. (0x5)
[0115/002238.203:ERROR:process_reader_win.cc(151)] SuspendThread: Access is denied. (0x5)
[0115/002238.203:ERROR:process_reader_win.cc(151)] SuspendThread: Access is denied. (0x5)
[0115/002238.203:ERROR:process_reader_win.cc(151)] SuspendThread: Access is denied. (0x5)
[0115/002238.203:ERROR:process_reader_win.cc(151)] SuspendThread: Access is denied. (0x5)
[0115/002238.203:ERROR:process_reader_win.cc(151)] SuspendThread: Access is denied. (0x5)
[0115/002238.203:ERROR:process_reader_win.cc(151)] SuspendThread: Access is denied. (0x5)
[0115/002238.203:ERROR:process_reader_win.cc(151)] SuspendThread: Access is denied. (0x5)
[0115/002238.204:ERROR:process_reader_win.cc(123)] NtOpenThread: {Access Denied} A process has requested access to an object, but has not been granted those access rights. (0xc0000022)
[0115/002238.204:ERROR:exception_snapshot_win.cc(99)] thread ID 7440 not found in process
